Running: D:\14.7\ISE_DS\ISE\bin\nt64\unwrapped\fuse.exe -intstyle ise -incremental -lib unisims_ver -lib unimacro_ver -lib xilinxcorelib_ver -lib secureip -o D:/ISEpro/LampCtrl138/LampCtrl_LampCtrl_sch_tb_isim_beh.exe -prj D:/ISEpro/LampCtrl138/LampCtrl_LampCtrl_sch_tb_beh.prj work.LampCtrl_LampCtrl_sch_tb work.glbl 
ISim P.20131013 (signature 0x7708f090)
Number of CPUs detected in this system: 12
Turning on mult-threading, number of parallel sub-compilation jobs: 24 
Determining compilation order of HDL files
Analyzing Verilog file "D:/ISEpro/LampCtrl138/D_74L138.vf" into library work
Analyzing Verilog file "D:/ISEpro/LampCtrl138/LampCtrl.vf" into library work
Analyzing Verilog file "D:/ISEpro/LampCtrl138/LampCtrl_sim.v" into library work
Analyzing Verilog file "D:/14.7/ISE_DS/ISE//verilog/src/glbl.v" into library work
Starting static elaboration
Completed static elaboration
Compiling module NAND4
Compiling module AND2
Compiling module NAND3
Compiling module INV
Compiling module NOR3
Compiling module D_74L138
Compiling module GND
Compiling module VCC
Compiling module LampCtrl
Compiling module LampCtrl_LampCtrl_sch_tb
Compiling module glbl
Time Resolution for simulation is 1ps.
Compiled 11 Verilog Units
Built simulation executable D:/ISEpro/LampCtrl138/LampCtrl_LampCtrl_sch_tb_isim_beh.exe
Fuse Memory Usage: 27708 KB
Fuse CPU Usage: 358 ms
