--------------------------------------------------------------------------------
Release 14.7 Trace  (nt64)
Copyright (c) 1995-2013 Xilinx, Inc.  All rights reserved.

C:\Xilinx\14.7\ISE_DS\ISE\bin\nt64\unwrapped\trce.exe -intstyle ise -v 3 -s 1
-n 3 -fastpaths -xml DispNumber_sch.twx DispNumber_sch.ncd -o
DispNumber_sch.twr DispNumber_sch.pcf -ucf k7.ucf

Design file:              DispNumber_sch.ncd
Physical constraint file: DispNumber_sch.pcf
Device,package,speed:     xc7k160t,ffg676,C,-1 (PRODUCTION 1.10 2013-10-13)
Report level:             verbose report

Environment Variable      Effect 
--------------------      ------ 
NONE                      No environment variables were set
--------------------------------------------------------------------------------

INFO:Timing:2698 - No timing constraints found, doing default enumeration.
INFO:Timing:3412 - To improve timing, see the Timing Closure User Guide (UG612).
INFO:Timing:2752 - To get complete path coverage, use the unconstrained paths 
   option. All paths that are not constrained will be reported in the 
   unconstrained paths section(s) of the report.
INFO:Timing:3339 - The clock-to-out numbers in this timing report are based on 
   a 50 Ohm transmission line loading model.  For the details of this model, 
   and for more information on accounting for different loading conditions, 
   please see the device datasheet.



Data Sheet report:
-----------------
All values displayed in nanoseconds (ns)

Pad to Pad
---------------+---------------+---------+
Source Pad     |Destination Pad|  Delay  |
---------------+---------------+---------+
LE             |SEGMENT<0>     |    9.137|
LE             |SEGMENT<1>     |   10.282|
LE             |SEGMENT<2>     |    9.541|
LE             |SEGMENT<3>     |    9.105|
LE             |SEGMENT<4>     |    9.766|
LE             |SEGMENT<5>     |    9.052|
LE             |SEGMENT<6>     |    9.293|
SW<0>          |SEGMENT<0>     |   10.088|
SW<0>          |SEGMENT<1>     |   10.652|
SW<0>          |SEGMENT<2>     |    9.936|
SW<0>          |SEGMENT<3>     |   10.311|
SW<0>          |SEGMENT<4>     |    9.419|
SW<0>          |SEGMENT<5>     |    9.971|
SW<0>          |SEGMENT<6>     |    9.614|
SW<1>          |SEGMENT<0>     |   10.344|
SW<1>          |SEGMENT<1>     |   10.876|
SW<1>          |SEGMENT<2>     |   10.301|
SW<1>          |SEGMENT<3>     |   10.569|
SW<1>          |SEGMENT<4>     |    9.735|
SW<1>          |SEGMENT<5>     |   10.191|
SW<1>          |SEGMENT<6>     |    9.981|
SW<2>          |SEGMENT<0>     |   10.516|
SW<2>          |SEGMENT<1>     |   11.797|
SW<2>          |SEGMENT<2>     |   11.081|
SW<2>          |SEGMENT<3>     |   10.907|
SW<2>          |SEGMENT<4>     |   10.624|
SW<2>          |SEGMENT<5>     |   10.399|
SW<2>          |SEGMENT<6>     |   10.478|
SW<3>          |SEGMENT<0>     |   10.599|
SW<3>          |SEGMENT<1>     |   11.311|
SW<3>          |SEGMENT<2>     |   10.595|
SW<3>          |SEGMENT<3>     |   10.601|
SW<3>          |SEGMENT<4>     |   10.474|
SW<3>          |SEGMENT<5>     |   10.482|
SW<3>          |SEGMENT<6>     |   10.446|
SW<4>          |AN<0>          |    8.722|
SW<5>          |AN<1>          |    8.796|
SW<6>          |AN<2>          |    8.702|
SW<7>          |AN<3>          |    8.451|
point          |SEGMENT<7>     |    8.788|
---------------+---------------+---------+


Analysis completed Thu Oct 29 17:01:05 2020 
--------------------------------------------------------------------------------

Trace Settings:
-------------------------
Trace Settings 

Peak Memory Usage: 5100 MB



