--------------------------------------------------------------------------------
Release 14.7 Trace  (nt64)
Copyright (c) 1995-2013 Xilinx, Inc.  All rights reserved.

D:\14.7\ISE_DS\ISE\bin\nt64\unwrapped\trce.exe -intstyle ise -v 3 -s 1 -n 3
-fastpaths -xml top.twx top.ncd -o top.twr top.pcf -ucf myucf.ucf

Design file:              top.ncd
Physical constraint file: top.pcf
Device,package,speed:     xc7k160t,ffg676,C,-1 (PRODUCTION 1.10 2013-10-13)
Report level:             verbose report

Environment Variable      Effect 
--------------------      ------ 
NONE                      No environment variables were set
--------------------------------------------------------------------------------

INFO:Timing:2698 - No timing constraints found, doing default enumeration.
INFO:Timing:3412 - To improve timing, see the Timing Closure User Guide (UG612).
INFO:Timing:2752 - To get complete path coverage, use the unconstrained paths 
   option. All paths that are not constrained will be reported in the 
   unconstrained paths section(s) of the report.
INFO:Timing:3339 - The clock-to-out numbers in this timing report are based on 
   a 50 Ohm transmission line loading model.  For the details of this model, 
   and for more information on accounting for different loading conditions, 
   please see the device datasheet.



Data Sheet report:
-----------------
All values displayed in nanoseconds (ns)

Clock btn<0> to Pad
------------+-----------------+------------+-----------------+------------+------------------+--------+
            |Max (slowest) clk|  Process   |Min (fastest) clk|  Process   |                  | Clock  |
Destination |  (edge) to PAD  |   Corner   |  (edge) to PAD  |   Corner   |Internal Clock(s) | Phase  |
------------+-----------------+------------+-----------------+------------+------------------+--------+
SEGMENT<0>  |        14.066(R)|      SLOW  |         5.145(R)|      FAST  |btn_0_BUFGP       |   0.000|
SEGMENT<1>  |        13.729(R)|      SLOW  |         5.004(R)|      FAST  |btn_0_BUFGP       |   0.000|
SEGMENT<2>  |        13.668(R)|      SLOW  |         4.937(R)|      FAST  |btn_0_BUFGP       |   0.000|
SEGMENT<3>  |        14.010(R)|      SLOW  |         5.123(R)|      FAST  |btn_0_BUFGP       |   0.000|
SEGMENT<4>  |        12.959(R)|      SLOW  |         4.817(R)|      FAST  |btn_0_BUFGP       |   0.000|
SEGMENT<5>  |        13.366(R)|      SLOW  |         4.973(R)|      FAST  |btn_0_BUFGP       |   0.000|
SEGMENT<6>  |        12.831(R)|      SLOW  |         4.873(R)|      FAST  |btn_0_BUFGP       |   0.000|
------------+-----------------+------------+-----------------+------------+------------------+--------+

Clock btn<1> to Pad
------------+-----------------+------------+-----------------+------------+------------------+--------+
            |Max (slowest) clk|  Process   |Min (fastest) clk|  Process   |                  | Clock  |
Destination |  (edge) to PAD  |   Corner   |  (edge) to PAD  |   Corner   |Internal Clock(s) | Phase  |
------------+-----------------+------------+-----------------+------------+------------------+--------+
SEGMENT<0>  |        14.395(R)|      SLOW  |         5.165(R)|      FAST  |btn_1_BUFGP       |   0.000|
SEGMENT<1>  |        13.770(R)|      SLOW  |         5.030(R)|      FAST  |btn_1_BUFGP       |   0.000|
SEGMENT<2>  |        13.709(R)|      SLOW  |         4.918(R)|      FAST  |btn_1_BUFGP       |   0.000|
SEGMENT<3>  |        14.339(R)|      SLOW  |         5.148(R)|      FAST  |btn_1_BUFGP       |   0.000|
SEGMENT<4>  |        13.203(R)|      SLOW  |         4.898(R)|      FAST  |btn_1_BUFGP       |   0.000|
SEGMENT<5>  |        13.445(R)|      SLOW  |         4.960(R)|      FAST  |btn_1_BUFGP       |   0.000|
SEGMENT<6>  |        13.075(R)|      SLOW  |         4.860(R)|      FAST  |btn_1_BUFGP       |   0.000|
------------+-----------------+------------+-----------------+------------+------------------+--------+

Clock btn<2> to Pad
------------+-----------------+------------+-----------------+------------+------------------+--------+
            |Max (slowest) clk|  Process   |Min (fastest) clk|  Process   |                  | Clock  |
Destination |  (edge) to PAD  |   Corner   |  (edge) to PAD  |   Corner   |Internal Clock(s) | Phase  |
------------+-----------------+------------+-----------------+------------+------------------+--------+
SEGMENT<0>  |        15.164(R)|      SLOW  |         5.273(R)|      FAST  |btn_2_BUFGP       |   0.000|
SEGMENT<1>  |        14.398(R)|      SLOW  |         5.202(R)|      FAST  |btn_2_BUFGP       |   0.000|
SEGMENT<2>  |        14.337(R)|      SLOW  |         5.026(R)|      FAST  |btn_2_BUFGP       |   0.000|
SEGMENT<3>  |        15.108(R)|      SLOW  |         5.338(R)|      FAST  |btn_2_BUFGP       |   0.000|
SEGMENT<4>  |        13.657(R)|      SLOW  |         5.034(R)|      FAST  |btn_2_BUFGP       |   0.000|
SEGMENT<5>  |        14.214(R)|      SLOW  |         5.138(R)|      FAST  |btn_2_BUFGP       |   0.000|
SEGMENT<6>  |        13.811(R)|      SLOW  |         4.990(R)|      FAST  |btn_2_BUFGP       |   0.000|
------------+-----------------+------------+-----------------+------------+------------------+--------+

Clock btn<3> to Pad
------------+-----------------+------------+-----------------+------------+------------------+--------+
            |Max (slowest) clk|  Process   |Min (fastest) clk|  Process   |                  | Clock  |
Destination |  (edge) to PAD  |   Corner   |  (edge) to PAD  |   Corner   |Internal Clock(s) | Phase  |
------------+-----------------+------------+-----------------+------------+------------------+--------+
SEGMENT<0>  |        15.020(R)|      SLOW  |         5.374(R)|      FAST  |btn_3_BUFGP       |   0.000|
SEGMENT<1>  |        14.183(R)|      SLOW  |         5.168(R)|      FAST  |btn_3_BUFGP       |   0.000|
SEGMENT<2>  |        14.122(R)|      SLOW  |         5.166(R)|      FAST  |btn_3_BUFGP       |   0.000|
SEGMENT<3>  |        14.964(R)|      SLOW  |         5.286(R)|      FAST  |btn_3_BUFGP       |   0.000|
SEGMENT<4>  |        13.586(R)|      SLOW  |         5.036(R)|      FAST  |btn_3_BUFGP       |   0.000|
SEGMENT<5>  |        14.070(R)|      SLOW  |         5.098(R)|      FAST  |btn_3_BUFGP       |   0.000|
SEGMENT<6>  |        13.667(R)|      SLOW  |         4.998(R)|      FAST  |btn_3_BUFGP       |   0.000|
------------+-----------------+------------+-----------------+------------+------------------+--------+

Clock clk to Pad
------------+-----------------+------------+-----------------+------------+------------------+--------+
            |Max (slowest) clk|  Process   |Min (fastest) clk|  Process   |                  | Clock  |
Destination |  (edge) to PAD  |   Corner   |  (edge) to PAD  |   Corner   |Internal Clock(s) | Phase  |
------------+-----------------+------------+-----------------+------------+------------------+--------+
AN<0>       |        12.462(R)|      SLOW  |         4.576(R)|      FAST  |clk_BUFGP         |   0.000|
AN<1>       |        12.464(R)|      SLOW  |         4.558(R)|      FAST  |clk_BUFGP         |   0.000|
AN<2>       |        12.086(R)|      SLOW  |         4.587(R)|      FAST  |clk_BUFGP         |   0.000|
AN<3>       |        12.131(R)|      SLOW  |         4.604(R)|      FAST  |clk_BUFGP         |   0.000|
SEGMENT<0>  |        16.602(R)|      SLOW  |         5.131(R)|      FAST  |clk_BUFGP         |   0.000|
SEGMENT<1>  |        16.708(R)|      SLOW  |         4.972(R)|      FAST  |clk_BUFGP         |   0.000|
SEGMENT<2>  |        16.534(R)|      SLOW  |         4.923(R)|      FAST  |clk_BUFGP         |   0.000|
SEGMENT<3>  |        16.490(R)|      SLOW  |         5.090(R)|      FAST  |clk_BUFGP         |   0.000|
SEGMENT<4>  |        16.320(R)|      SLOW  |         4.823(R)|      FAST  |clk_BUFGP         |   0.000|
SEGMENT<5>  |        16.218(R)|      SLOW  |         4.902(R)|      FAST  |clk_BUFGP         |   0.000|
SEGMENT<6>  |        16.202(R)|      SLOW  |         4.802(R)|      FAST  |clk_BUFGP         |   0.000|
SEGMENT<7>  |        15.367(R)|      SLOW  |         6.125(R)|      FAST  |clk_BUFGP         |   0.000|
------------+-----------------+------------+-----------------+------------+------------------+--------+

Clock to Setup on destination clock btn<0>
---------------+---------+---------+---------+---------+
               | Src:Rise| Src:Fall| Src:Rise| Src:Fall|
Source Clock   |Dest:Rise|Dest:Rise|Dest:Fall|Dest:Fall|
---------------+---------+---------+---------+---------+
btn<0>         |    0.809|         |         |         |
---------------+---------+---------+---------+---------+

Clock to Setup on destination clock btn<1>
---------------+---------+---------+---------+---------+
               | Src:Rise| Src:Fall| Src:Rise| Src:Fall|
Source Clock   |Dest:Rise|Dest:Rise|Dest:Fall|Dest:Fall|
---------------+---------+---------+---------+---------+
btn<1>         |    0.802|         |         |         |
---------------+---------+---------+---------+---------+

Clock to Setup on destination clock btn<2>
---------------+---------+---------+---------+---------+
               | Src:Rise| Src:Fall| Src:Rise| Src:Fall|
Source Clock   |Dest:Rise|Dest:Rise|Dest:Fall|Dest:Fall|
---------------+---------+---------+---------+---------+
btn<2>         |    0.800|         |         |         |
---------------+---------+---------+---------+---------+

Clock to Setup on destination clock btn<3>
---------------+---------+---------+---------+---------+
               | Src:Rise| Src:Fall| Src:Rise| Src:Fall|
Source Clock   |Dest:Rise|Dest:Rise|Dest:Fall|Dest:Fall|
---------------+---------+---------+---------+---------+
btn<3>         |    0.821|         |         |         |
---------------+---------+---------+---------+---------+

Clock to Setup on destination clock clk
---------------+---------+---------+---------+---------+
               | Src:Rise| Src:Fall| Src:Rise| Src:Fall|
Source Clock   |Dest:Rise|Dest:Rise|Dest:Fall|Dest:Fall|
---------------+---------+---------+---------+---------+
clk            |    1.379|         |         |         |
---------------+---------+---------+---------+---------+

Pad to Pad
---------------+---------------+---------+
Source Pad     |Destination Pad|  Delay  |
---------------+---------------+---------+
SW<0>          |SEGMENT<7>     |    9.241|
SW<1>          |SEGMENT<7>     |    8.971|
SW<2>          |SEGMENT<7>     |    9.336|
SW<3>          |SEGMENT<7>     |    9.174|
SW<4>          |SEGMENT<0>     |   10.577|
SW<4>          |SEGMENT<1>     |   10.683|
SW<4>          |SEGMENT<2>     |   10.509|
SW<4>          |SEGMENT<3>     |   10.465|
SW<4>          |SEGMENT<4>     |   10.295|
SW<4>          |SEGMENT<5>     |   10.193|
SW<4>          |SEGMENT<6>     |   10.177|
SW<5>          |SEGMENT<0>     |   10.447|
SW<5>          |SEGMENT<1>     |   10.553|
SW<5>          |SEGMENT<2>     |   10.379|
SW<5>          |SEGMENT<3>     |   10.335|
SW<5>          |SEGMENT<4>     |   10.165|
SW<5>          |SEGMENT<5>     |   10.063|
SW<5>          |SEGMENT<6>     |   10.047|
SW<6>          |SEGMENT<0>     |   10.293|
SW<6>          |SEGMENT<1>     |   10.399|
SW<6>          |SEGMENT<2>     |   10.225|
SW<6>          |SEGMENT<3>     |   10.181|
SW<6>          |SEGMENT<4>     |   10.011|
SW<6>          |SEGMENT<5>     |    9.909|
SW<6>          |SEGMENT<6>     |    9.893|
SW<7>          |SEGMENT<0>     |   10.380|
SW<7>          |SEGMENT<1>     |   10.486|
SW<7>          |SEGMENT<2>     |   10.312|
SW<7>          |SEGMENT<3>     |   10.268|
SW<7>          |SEGMENT<4>     |   10.098|
SW<7>          |SEGMENT<5>     |    9.996|
SW<7>          |SEGMENT<6>     |    9.980|
---------------+---------------+---------+


Analysis completed Wed Oct 30 18:29:50 2019 
--------------------------------------------------------------------------------

Trace Settings:
-------------------------
Trace Settings 

Peak Memory Usage: 5100 MB



