--------------------------------------------------------------------------------
Release 14.7 Trace  (nt64)
Copyright (c) 1995-2013 Xilinx, Inc.  All rights reserved.

D:\14.7\ISE_DS\ISE\bin\nt64\unwrapped\trce.exe -intstyle ise -v 3 -s 1 -n 3
-fastpaths -xml DispNumber_sch.twx DispNumber_sch.ncd -o DispNumber_sch.twr
DispNumber_sch.pcf -ucf myucf.ucf

Design file:              DispNumber_sch.ncd
Physical constraint file: DispNumber_sch.pcf
Device,package,speed:     xc7k160t,ffg676,C,-1 (PRODUCTION 1.10 2013-10-13)
Report level:             verbose report

Environment Variable      Effect 
--------------------      ------ 
NONE                      No environment variables were set
--------------------------------------------------------------------------------

INFO:Timing:2698 - No timing constraints found, doing default enumeration.
INFO:Timing:3412 - To improve timing, see the Timing Closure User Guide (UG612).
INFO:Timing:2752 - To get complete path coverage, use the unconstrained paths 
   option. All paths that are not constrained will be reported in the 
   unconstrained paths section(s) of the report.
INFO:Timing:3339 - The clock-to-out numbers in this timing report are based on 
   a 50 Ohm transmission line loading model.  For the details of this model, 
   and for more information on accounting for different loading conditions, 
   please see the device datasheet.



Data Sheet report:
-----------------
All values displayed in nanoseconds (ns)

Pad to Pad
---------------+---------------+---------+
Source Pad     |Destination Pad|  Delay  |
---------------+---------------+---------+
BTN<0>         |SEGMENT<0>     |    9.816|
BTN<0>         |SEGMENT<1>     |    9.696|
BTN<0>         |SEGMENT<2>     |    9.885|
BTN<0>         |SEGMENT<3>     |    9.404|
BTN<0>         |SEGMENT<4>     |    9.227|
BTN<0>         |SEGMENT<5>     |    9.681|
BTN<0>         |SEGMENT<6>     |    9.747|
BTN<1>         |SEGMENT<7>     |    8.155|
SW<0>          |SEGMENT<0>     |   10.674|
SW<0>          |SEGMENT<1>     |    9.976|
SW<0>          |SEGMENT<2>     |   10.081|
SW<0>          |SEGMENT<3>     |   10.365|
SW<0>          |SEGMENT<4>     |    9.682|
SW<0>          |SEGMENT<5>     |   10.067|
SW<0>          |SEGMENT<6>     |    9.724|
SW<1>          |SEGMENT<0>     |   11.148|
SW<1>          |SEGMENT<1>     |   10.675|
SW<1>          |SEGMENT<2>     |   10.721|
SW<1>          |SEGMENT<3>     |   11.113|
SW<1>          |SEGMENT<4>     |   10.541|
SW<1>          |SEGMENT<5>     |   10.541|
SW<1>          |SEGMENT<6>     |   10.652|
SW<2>          |SEGMENT<0>     |   11.059|
SW<2>          |SEGMENT<1>     |   11.186|
SW<2>          |SEGMENT<2>     |   11.291|
SW<2>          |SEGMENT<3>     |   11.093|
SW<2>          |SEGMENT<4>     |   10.594|
SW<2>          |SEGMENT<5>     |   10.407|
SW<2>          |SEGMENT<6>     |   10.607|
SW<3>          |SEGMENT<0>     |   11.054|
SW<3>          |SEGMENT<1>     |   10.755|
SW<3>          |SEGMENT<2>     |   10.860|
SW<3>          |SEGMENT<3>     |   11.148|
SW<3>          |SEGMENT<4>     |    9.851|
SW<3>          |SEGMENT<5>     |   10.194|
SW<3>          |SEGMENT<6>     |   10.329|
SW<4>          |AN<0>          |    8.722|
SW<5>          |AN<1>          |    8.796|
SW<6>          |AN<2>          |    8.702|
SW<7>          |AN<3>          |    8.451|
---------------+---------------+---------+


Analysis completed Wed Oct 23 18:52:07 2019 
--------------------------------------------------------------------------------

Trace Settings:
-------------------------
Trace Settings 

Peak Memory Usage: 5100 MB



