Release 14.7 - xst P.20131013 (nt64)
Copyright (c) 1995-2013 Xilinx, Inc.  All rights reserved.
--> Parameter TMPDIR set to xst/projnav.tmp


Total REAL time to Xst completion: 0.00 secs
Total CPU time to Xst completion: 0.30 secs
 
--> Parameter xsthdpdir set to xst


Total REAL time to Xst completion: 0.00 secs
Total CPU time to Xst completion: 0.32 secs
 
--> Reading design: CreateNumber.prj

TABLE OF CONTENTS
  1) Synthesis Options Summary
  2) HDL Parsing
  3) HDL Elaboration
  4) HDL Synthesis
       4.1) HDL Synthesis Report
  5) Advanced HDL Synthesis
       5.1) Advanced HDL Synthesis Report
  6) Low Level Synthesis
  7) Partition Report
  8) Design Summary
       8.1) Primitive and Black Box Usage
       8.2) Device utilization summary
       8.3) Partition Resource Summary
       8.4) Timing Report
            8.4.1) Clock Information
            8.4.2) Asynchronous Control Signals Information
            8.4.3) Timing Summary
            8.4.4) Timing Details
            8.4.5) Cross Clock Domains Report


=========================================================================
*                      Synthesis Options Summary                        *
=========================================================================
---- Source Parameters
Input File Name                    : "CreateNumber.prj"
Ignore Synthesis Constraint File   : NO

---- Target Parameters
Output File Name                   : "CreateNumber"
Output Format                      : NGC
Target Device                      : xc7k160t-1-ffg676

---- Source Options
Top Module Name                    : CreateNumber
Automatic FSM Extraction           : YES
FSM Encoding Algorithm             : Auto
Safe Implementation                : No
FSM Style                          : LUT
RAM Extraction                     : Yes
RAM Style                          : Auto
ROM Extraction                     : Yes
Shift Register Extraction          : YES
ROM Style                          : Auto
Resource Sharing                   : YES
Asynchronous To Synchronous        : NO
Shift Register Minimum Size        : 2
Use DSP Block                      : Auto
Automatic Register Balancing       : No

---- Target Options
LUT Combining                      : Auto
Reduce Control Sets                : Auto
Add IO Buffers                     : YES
Global Maximum Fanout              : 100000
Add Generic Clock Buffer(BUFG)     : 32
Register Duplication               : YES
Optimize Instantiated Primitives   : NO
Use Clock Enable                   : Auto
Use Synchronous Set                : Auto
Use Synchronous Reset              : Auto
Pack IO Registers into IOBs        : Auto
Equivalent register Removal        : YES

---- General Options
Optimization Goal                  : Speed
Optimization Effort                : 1
Power Reduction                    : NO
Keep Hierarchy                     : No
Netlist Hierarchy                  : As_Optimized
RTL Output                         : Yes
Global Optimization                : AllClockNets
Read Cores                         : YES
Write Timing Constraints           : NO
Cross Clock Analysis               : NO
Hierarchy Separator                : /
Bus Delimiter                      : <>
Case Specifier                     : Maintain
Slice Utilization Ratio            : 100
BRAM Utilization Ratio             : 100
DSP48 Utilization Ratio            : 100
Auto BRAM Packing                  : NO
Slice Utilization Ratio Delta      : 5

=========================================================================


=========================================================================
*                          HDL Parsing                                  *
=========================================================================
Analyzing Verilog file "G:\Digital_Logic_Design\SaltyfishXuan\Lab7\ScoreBoard\pbdebounce.v" into library work
Parsing module <pbdebounce>.
Analyzing Verilog file "G:\Digital_Logic_Design\SaltyfishXuan\Lab7\ScoreBoard\CreateNumber.v" into library work
Parsing module <CreateNumber>.

=========================================================================
*                            HDL Elaboration                            *
=========================================================================

Elaborating module <CreateNumber>.

Elaborating module <pbdebounce>.

=========================================================================
*                           HDL Synthesis                               *
=========================================================================

Synthesizing Unit <CreateNumber>.
    Related source file is "G:\Digital_Logic_Design\SaltyfishXuan\Lab7\ScoreBoard\CreateNumber.v".
    Found 1-bit register for signal <num<2>>.
    Found 1-bit register for signal <num<1>>.
    Found 1-bit register for signal <num<0>>.
    Found 1-bit register for signal <num<7>>.
    Found 1-bit register for signal <num<6>>.
    Found 1-bit register for signal <num<5>>.
    Found 1-bit register for signal <num<4>>.
    Found 1-bit register for signal <num<11>>.
    Found 1-bit register for signal <num<10>>.
    Found 1-bit register for signal <num<9>>.
    Found 1-bit register for signal <num<8>>.
    Found 1-bit register for signal <num<15>>.
    Found 1-bit register for signal <num<14>>.
    Found 1-bit register for signal <num<13>>.
    Found 1-bit register for signal <num<12>>.
    Found 1-bit register for signal <num<3>>.
    Found 4-bit adder for signal <A> created at line 32.
    Found 4-bit adder for signal <B> created at line 33.
    Found 4-bit adder for signal <C> created at line 34.
    Found 4-bit adder for signal <D> created at line 35.
    Summary:
	inferred   4 Adder/Subtractor(s).
	inferred  16 D-type flip-flop(s).
Unit <CreateNumber> synthesized.

Synthesizing Unit <pbdebounce>.
    Related source file is "G:\Digital_Logic_Design\SaltyfishXuan\Lab7\ScoreBoard\pbdebounce.v".
    Found 1-bit register for signal <pbreg>.
    Found 7-bit register for signal <pbshift<6:0>>.
    Summary:
	inferred   8 D-type flip-flop(s).
Unit <pbdebounce> synthesized.

=========================================================================
HDL Synthesis Report

Macro Statistics
# Adders/Subtractors                                   : 4
 4-bit adder                                           : 4
# Registers                                            : 12
 1-bit register                                        : 4
 4-bit register                                        : 4
 7-bit register                                        : 4

=========================================================================

=========================================================================
*                       Advanced HDL Synthesis                          *
=========================================================================


Synthesizing (advanced) Unit <CreateNumber>.
The following registers are absorbed into counter <num<3:0>>: 1 register on signal <num<3:0>>.
The following registers are absorbed into counter <num<8>_num<9>_num<10>_num<11>>: 1 register on signal <num<8>_num<9>_num<10>_num<11>>.
The following registers are absorbed into counter <num<4>_num<5>_num<6>_num<7>>: 1 register on signal <num<4>_num<5>_num<6>_num<7>>.
The following registers are absorbed into counter <num<12>_num<13>_num<14>_num<15>>: 1 register on signal <num<12>_num<13>_num<14>_num<15>>.
Unit <CreateNumber> synthesized (advanced).

=========================================================================
Advanced HDL Synthesis Report

Macro Statistics
# Counters                                             : 4
 4-bit up counter                                      : 4
# Registers                                            : 32
 Flip-Flops                                            : 32

=========================================================================

=========================================================================
*                         Low Level Synthesis                           *
=========================================================================

Optimizing unit <CreateNumber> ...

Optimizing unit <pbdebounce> ...

Mapping all equations...
Building and optimizing final netlist ...
Found area constraint ratio of 100 (+ 5) on block CreateNumber, actual ratio is 0.

Final Macro Processing ...

=========================================================================
Final Register Report

Macro Statistics
# Registers                                            : 48
 Flip-Flops                                            : 48

=========================================================================

=========================================================================
*                           Partition Report                            *
=========================================================================

Partition Implementation Status
-------------------------------

  No Partitions were found in this design.

-------------------------------

=========================================================================
*                            Design Summary                             *
=========================================================================

Top Level Output File Name         : CreateNumber.ngc

Primitive and Black Box Usage:
------------------------------
# BELS                             : 36
#      INV                         : 4
#      LUT2                        : 4
#      LUT3                        : 8
#      LUT4                        : 8
#      LUT5                        : 4
#      LUT6                        : 4
#      MUXF7                       : 4
# FlipFlops/Latches                : 48
#      FD                          : 48
# Clock Buffers                    : 1
#      BUFGP                       : 1
# IO Buffers                       : 20
#      IBUF                        : 4
#      OBUF                        : 16

Device utilization summary:
---------------------------

Selected Device : 7k160tffg676-1 


Slice Logic Utilization: 
 Number of Slice Registers:              48  out of  202800     0%  
 Number of Slice LUTs:                   32  out of  101400     0%  
    Number used as Logic:                32  out of  101400     0%  

Slice Logic Distribution: 
 Number of LUT Flip Flop pairs used:     60
   Number with an unused Flip Flop:      12  out of     60    20%  
   Number with an unused LUT:            28  out of     60    46%  
   Number of fully used LUT-FF pairs:    20  out of     60    33%  
   Number of unique control sets:         5

IO Utilization: 
 Number of IOs:                          21
 Number of bonded IOBs:                  21  out of    400     5%  

Specific Feature Utilization:
 Number of BUFG/BUFGCTRLs:                1  out of     32     3%  

---------------------------
Partition Resource Summary:
---------------------------

  No Partitions were found in this design.

---------------------------


=========================================================================
Timing Report

NOTE: THESE TIMING NUMBERS ARE ONLY A SYNTHESIS ESTIMATE.
      FOR ACCURATE TIMING INFORMATION PLEASE REFER TO THE TRACE REPORT
      GENERATED AFTER PLACE-and-ROUTE.

Clock Information:
------------------
-----------------------------------+----------------------------------------+-------+
Clock Signal                       | Clock buffer(FF name)                  | Load  |
-----------------------------------+----------------------------------------+-------+
p0/pbreg                           | NONE(num<3:0>_3)                       | 4     |
p2/pbreg                           | NONE(num<8>_num<9>_num<10>_num<11>_3)  | 4     |
p3/pbreg                           | NONE(num<12>_num<13>_num<14>_num<15>_3)| 4     |
p1/pbreg                           | NONE(num<4>_num<5>_num<6>_num<7>_3)    | 4     |
clk                                | BUFGP                                  | 32    |
-----------------------------------+----------------------------------------+-------+
INFO:Xst:2169 - HDL ADVISOR - Some clock signals were not automatically buffered by XST with BUFG/BUFR resources. Please use the buffer_type constraint in order to insert these buffers to the clock signals to help prevent skew problems.

Asynchronous Control Signals Information:
----------------------------------------
No asynchronous control signals found in this design

Timing Summary:
---------------
Speed Grade: -1

   Minimum period: 1.678ns (Maximum Frequency: 595.948MHz)
   Minimum input arrival time before clock: 1.360ns
   Maximum output required time after clock: 0.708ns
   Maximum combinational path delay: No path found

Timing Details:
---------------
All values displayed in nanoseconds (ns)

=========================================================================
Timing constraint: Default period analysis for Clock 'p0/pbreg'
  Clock period: 1.185ns (frequency: 843.882MHz)
  Total number of paths / destination ports: 10 / 4
-------------------------------------------------------------------------
Delay:               1.185ns (Levels of Logic = 1)
  Source:            num<3:0>_3 (FF)
  Destination:       num<3:0>_3 (FF)
  Source Clock:      p0/pbreg rising
  Destination Clock: p0/pbreg rising

  Data Path: num<3:0>_3 to num<3:0>_3
                                Gate     Net
    Cell:in->out      fanout   Delay   Delay  Logical Name (Net Name)
    ----------------------------------------  ------------
     FD:C->Q               5   0.282   0.426  num<3:0>_3 (num<3:0>_3)
     INV:I->O              1   0.067   0.399  Mcount_num<3:0>_xor<0>11_INV_0 (Result<0>)
     FD:D                      0.011          num<3:0>_3
    ----------------------------------------
    Total                      1.185ns (0.360ns logic, 0.825ns route)
                                       (30.4% logic, 69.6% route)

=========================================================================
Timing constraint: Default period analysis for Clock 'p2/pbreg'
  Clock period: 1.185ns (frequency: 843.882MHz)
  Total number of paths / destination ports: 10 / 4
-------------------------------------------------------------------------
Delay:               1.185ns (Levels of Logic = 1)
  Source:            num<8>_num<9>_num<10>_num<11>_3 (FF)
  Destination:       num<8>_num<9>_num<10>_num<11>_3 (FF)
  Source Clock:      p2/pbreg rising
  Destination Clock: p2/pbreg rising

  Data Path: num<8>_num<9>_num<10>_num<11>_3 to num<8>_num<9>_num<10>_num<11>_3
                                Gate     Net
    Cell:in->out      fanout   Delay   Delay  Logical Name (Net Name)
    ----------------------------------------  ------------
     FD:C->Q               5   0.282   0.426  num<8>_num<9>_num<10>_num<11>_3 (num<8>_num<9>_num<10>_num<11>_3)
     INV:I->O              1   0.067   0.399  Mcount_num<8>_num<9>_num<10>_num<11>_xor<0>11_INV_0 (Result<0>1)
     FD:D                      0.011          num<8>_num<9>_num<10>_num<11>_3
    ----------------------------------------
    Total                      1.185ns (0.360ns logic, 0.825ns route)
                                       (30.4% logic, 69.6% route)

=========================================================================
Timing constraint: Default period analysis for Clock 'p3/pbreg'
  Clock period: 1.185ns (frequency: 843.882MHz)
  Total number of paths / destination ports: 10 / 4
-------------------------------------------------------------------------
Delay:               1.185ns (Levels of Logic = 1)
  Source:            num<12>_num<13>_num<14>_num<15>_3 (FF)
  Destination:       num<12>_num<13>_num<14>_num<15>_3 (FF)
  Source Clock:      p3/pbreg rising
  Destination Clock: p3/pbreg rising

  Data Path: num<12>_num<13>_num<14>_num<15>_3 to num<12>_num<13>_num<14>_num<15>_3
                                Gate     Net
    Cell:in->out      fanout   Delay   Delay  Logical Name (Net Name)
    ----------------------------------------  ------------
     FD:C->Q               5   0.282   0.426  num<12>_num<13>_num<14>_num<15>_3 (num<12>_num<13>_num<14>_num<15>_3)
     INV:I->O              1   0.067   0.399  Mcount_num<12>_num<13>_num<14>_num<15>_xor<0>11_INV_0 (Result<0>3)
     FD:D                      0.011          num<12>_num<13>_num<14>_num<15>_3
    ----------------------------------------
    Total                      1.185ns (0.360ns logic, 0.825ns route)
                                       (30.4% logic, 69.6% route)

=========================================================================
Timing constraint: Default period analysis for Clock 'p1/pbreg'
  Clock period: 1.185ns (frequency: 843.882MHz)
  Total number of paths / destination ports: 10 / 4
-------------------------------------------------------------------------
Delay:               1.185ns (Levels of Logic = 1)
  Source:            num<4>_num<5>_num<6>_num<7>_3 (FF)
  Destination:       num<4>_num<5>_num<6>_num<7>_3 (FF)
  Source Clock:      p1/pbreg rising
  Destination Clock: p1/pbreg rising

  Data Path: num<4>_num<5>_num<6>_num<7>_3 to num<4>_num<5>_num<6>_num<7>_3
                                Gate     Net
    Cell:in->out      fanout   Delay   Delay  Logical Name (Net Name)
    ----------------------------------------  ------------
     FD:C->Q               5   0.282   0.426  num<4>_num<5>_num<6>_num<7>_3 (num<4>_num<5>_num<6>_num<7>_3)
     INV:I->O              1   0.067   0.399  Mcount_num<4>_num<5>_num<6>_num<7>_xor<0>11_INV_0 (Result<0>2)
     FD:D                      0.011          num<4>_num<5>_num<6>_num<7>_3
    ----------------------------------------
    Total                      1.185ns (0.360ns logic, 0.825ns route)
                                       (30.4% logic, 69.6% route)

=========================================================================
Timing constraint: Default period analysis for Clock 'clk'
  Clock period: 1.678ns (frequency: 595.948MHz)
  Total number of paths / destination ports: 84 / 28
-------------------------------------------------------------------------
Delay:               1.678ns (Levels of Logic = 3)
  Source:            p3/pbshift_3 (FF)
  Destination:       p3/pbreg (FF)
  Source Clock:      clk rising
  Destination Clock: clk rising

  Data Path: p3/pbshift_3 to p3/pbreg
                                Gate     Net
    Cell:in->out      fanout   Delay   Delay  Logical Name (Net Name)
    ----------------------------------------  ------------
     FD:C->Q               3   0.282   0.649  p3/pbshift_3 (p3/pbshift_3)
     LUT4:I0->O            1   0.053   0.413  p3/pbreg_glue_set_SW0 (N24)
     LUT5:I4->O            1   0.053   0.000  p3/pbreg_rstpot_G (N33)
     MUXF7:I1->O           1   0.217   0.000  p3/pbreg_rstpot (p3/pbreg_rstpot)
     FD:D                      0.011          p3/pbreg
    ----------------------------------------
    Total                      1.678ns (0.616ns logic, 1.062ns route)
                                       (36.7% logic, 63.3% route)

=========================================================================
Timing constraint: Default OFFSET IN BEFORE for Clock 'clk'
  Total number of paths / destination ports: 12 / 8
-------------------------------------------------------------------------
Offset:              1.360ns (Levels of Logic = 4)
  Source:            btn<3> (PAD)
  Destination:       p3/pbreg (FF)
  Destination Clock: clk rising

  Data Path: btn<3> to p3/pbreg
                                Gate     Net
    Cell:in->out      fanout   Delay   Delay  Logical Name (Net Name)
    ----------------------------------------  ------------
     IBUF:I->O             3   0.000   0.616  btn_3_IBUF (btn_3_IBUF)
     LUT3:I0->O            1   0.053   0.413  p3/_n0011_SW0 (N01)
     LUT6:I5->O            1   0.053   0.000  p3/pbreg_rstpot_F (N32)
     MUXF7:I0->O           1   0.214   0.000  p3/pbreg_rstpot (p3/pbreg_rstpot)
     FD:D                      0.011          p3/pbreg
    ----------------------------------------
    Total                      1.360ns (0.331ns logic, 1.029ns route)
                                       (24.3% logic, 75.7% route)

=========================================================================
Timing constraint: Default OFFSET OUT AFTER for Clock 'p3/pbreg'
  Total number of paths / destination ports: 4 / 4
-------------------------------------------------------------------------
Offset:              0.708ns (Levels of Logic = 1)
  Source:            num<12>_num<13>_num<14>_num<15>_3 (FF)
  Destination:       num<12> (PAD)
  Source Clock:      p3/pbreg rising

  Data Path: num<12>_num<13>_num<14>_num<15>_3 to num<12>
                                Gate     Net
    Cell:in->out      fanout   Delay   Delay  Logical Name (Net Name)
    ----------------------------------------  ------------
     FD:C->Q               5   0.282   0.426  num<12>_num<13>_num<14>_num<15>_3 (num<12>_num<13>_num<14>_num<15>_3)
     OBUF:I->O                 0.000          num_12_OBUF (num<12>)
    ----------------------------------------
    Total                      0.708ns (0.282ns logic, 0.426ns route)
                                       (39.8% logic, 60.2% route)

=========================================================================
Timing constraint: Default OFFSET OUT AFTER for Clock 'p2/pbreg'
  Total number of paths / destination ports: 4 / 4
-------------------------------------------------------------------------
Offset:              0.708ns (Levels of Logic = 1)
  Source:            num<8>_num<9>_num<10>_num<11>_3 (FF)
  Destination:       num<8> (PAD)
  Source Clock:      p2/pbreg rising

  Data Path: num<8>_num<9>_num<10>_num<11>_3 to num<8>
                                Gate     Net
    Cell:in->out      fanout   Delay   Delay  Logical Name (Net Name)
    ----------------------------------------  ------------
     FD:C->Q               5   0.282   0.426  num<8>_num<9>_num<10>_num<11>_3 (num<8>_num<9>_num<10>_num<11>_3)
     OBUF:I->O                 0.000          num_8_OBUF (num<8>)
    ----------------------------------------
    Total                      0.708ns (0.282ns logic, 0.426ns route)
                                       (39.8% logic, 60.2% route)

=========================================================================
Timing constraint: Default OFFSET OUT AFTER for Clock 'p1/pbreg'
  Total number of paths / destination ports: 4 / 4
-------------------------------------------------------------------------
Offset:              0.708ns (Levels of Logic = 1)
  Source:            num<4>_num<5>_num<6>_num<7>_3 (FF)
  Destination:       num<4> (PAD)
  Source Clock:      p1/pbreg rising

  Data Path: num<4>_num<5>_num<6>_num<7>_3 to num<4>
                                Gate     Net
    Cell:in->out      fanout   Delay   Delay  Logical Name (Net Name)
    ----------------------------------------  ------------
     FD:C->Q               5   0.282   0.426  num<4>_num<5>_num<6>_num<7>_3 (num<4>_num<5>_num<6>_num<7>_3)
     OBUF:I->O                 0.000          num_4_OBUF (num<4>)
    ----------------------------------------
    Total                      0.708ns (0.282ns logic, 0.426ns route)
                                       (39.8% logic, 60.2% route)

=========================================================================
Timing constraint: Default OFFSET OUT AFTER for Clock 'p0/pbreg'
  Total number of paths / destination ports: 4 / 4
-------------------------------------------------------------------------
Offset:              0.708ns (Levels of Logic = 1)
  Source:            num<3:0>_3 (FF)
  Destination:       num<0> (PAD)
  Source Clock:      p0/pbreg rising

  Data Path: num<3:0>_3 to num<0>
                                Gate     Net
    Cell:in->out      fanout   Delay   Delay  Logical Name (Net Name)
    ----------------------------------------  ------------
     FD:C->Q               5   0.282   0.426  num<3:0>_3 (num<3:0>_3)
     OBUF:I->O                 0.000          num_0_OBUF (num<0>)
    ----------------------------------------
    Total                      0.708ns (0.282ns logic, 0.426ns route)
                                       (39.8% logic, 60.2% route)

=========================================================================

Cross Clock Domains Report:
--------------------------

Clock to Setup on destination clock clk
---------------+---------+---------+---------+---------+
               | Src:Rise| Src:Fall| Src:Rise| Src:Fall|
Source Clock   |Dest:Rise|Dest:Rise|Dest:Fall|Dest:Fall|
---------------+---------+---------+---------+---------+
clk            |    1.678|         |         |         |
---------------+---------+---------+---------+---------+

Clock to Setup on destination clock p0/pbreg
---------------+---------+---------+---------+---------+
               | Src:Rise| Src:Fall| Src:Rise| Src:Fall|
Source Clock   |Dest:Rise|Dest:Rise|Dest:Fall|Dest:Fall|
---------------+---------+---------+---------+---------+
p0/pbreg       |    1.185|         |         |         |
---------------+---------+---------+---------+---------+

Clock to Setup on destination clock p1/pbreg
---------------+---------+---------+---------+---------+
               | Src:Rise| Src:Fall| Src:Rise| Src:Fall|
Source Clock   |Dest:Rise|Dest:Rise|Dest:Fall|Dest:Fall|
---------------+---------+---------+---------+---------+
p1/pbreg       |    1.185|         |         |         |
---------------+---------+---------+---------+---------+

Clock to Setup on destination clock p2/pbreg
---------------+---------+---------+---------+---------+
               | Src:Rise| Src:Fall| Src:Rise| Src:Fall|
Source Clock   |Dest:Rise|Dest:Rise|Dest:Fall|Dest:Fall|
---------------+---------+---------+---------+---------+
p2/pbreg       |    1.185|         |         |         |
---------------+---------+---------+---------+---------+

Clock to Setup on destination clock p3/pbreg
---------------+---------+---------+---------+---------+
               | Src:Rise| Src:Fall| Src:Rise| Src:Fall|
Source Clock   |Dest:Rise|Dest:Rise|Dest:Fall|Dest:Fall|
---------------+---------+---------+---------+---------+
p3/pbreg       |    1.185|         |         |         |
---------------+---------+---------+---------+---------+

=========================================================================


Total REAL time to Xst completion: 10.00 secs
Total CPU time to Xst completion: 10.59 secs
 
--> 

Total memory usage is 4639596 kilobytes

Number of errors   :    0 (   0 filtered)
Number of warnings :    0 (   0 filtered)
Number of infos    :    1 (   0 filtered)

